iso.3.6.1.2.1.1.1.0 = STRING: "RouterOS RB1100x4"
iso.3.6.1.2.1.1.2.0 = OID: iso.3.6.1.4.1.14988.1
iso.3.6.1.2.1.1.3.0 = Timeticks: (1184299000) 137 days, 1:43:10.00
iso.3.6.1.2.1.1.4.0 = ""
iso.3.6.1.2.1.1.5.0 = STRING: "MikroTik"
iso.3.6.1.2.1.1.6.0 = ""
iso.3.6.1.2.1.1.7.0 = INTEGER: 78
iso.3.6.1.2.1.2.1.0 = INTEGER: 14
iso.3.6.1.2.1.2.2.1.1.1 = INTEGER: 1
iso.3.6.1.2.1.2.2.1.1.2 = INTEGER: 2
iso.3.6.1.2.1.2.2.1.1.3 = INTEGER: 3
iso.3.6.1.2.1.2.2.1.1.4 = INTEGER: 4
iso.3.6.1.2.1.2.2.1.1.5 = INTEGER: 5
iso.3.6.1.2.1.2.2.1.1.6 = INTEGER: 6
iso.3.6.1.2.1.2.2.1.1.7 = INTEGER: 7
iso.3.6.1.2.1.2.2.1.1.8 = INTEGER: 8
iso.3.6.1.2.1.2.2.1.1.9 = INTEGER: 9
iso.3.6.1.2.1.2.2.1.1.10 = INTEGER: 10
iso.3.6.1.2.1.2.2.1.1.11 = INTEGER: 11
iso.3.6.1.2.1.2.2.1.1.12 = INTEGER: 12
iso.3.6.1.2.1.2.2.1.1.13 = INTEGER: 13
iso.3.6.1.2.1.2.2.1.1.14 = INTEGER: 14
iso.3.6.1.2.1.2.2.1.2.1 = STRING: "ether1"
iso.3.6.1.2.1.2.2.1.2.2 = STRING: "ether2"
iso.3.6.1.2.1.2.2.1.2.3 = STRING: "ether3"
iso.3.6.1.2.1.2.2.1.2.4 = STRING: "ether4"
iso.3.6.1.2.1.2.2.1.2.5 = STRING: "ether5"
iso.3.6.1.2.1.2.2.1.2.6 = STRING: "ether6"
iso.3.6.1.2.1.2.2.1.2.7 = STRING: "ether7"
iso.3.6.1.2.1.2.2.1.2.8 = STRING: "ether8"
iso.3.6.1.2.1.2.2.1.2.9 = STRING: "ether9"
iso.3.6.1.2.1.2.2.1.2.10 = STRING: "ether10"
iso.3.6.1.2.1.2.2.1.2.11 = STRING: "ether11"
iso.3.6.1.2.1.2.2.1.2.12 = STRING: "ether12"
iso.3.6.1.2.1.2.2.1.2.13 = STRING: "ether13"
iso.3.6.1.2.1.2.2.1.2.14 = STRING: "TO CP"
iso.3.6.1.2.1.2.2.1.3.1 = INTEGER: 6
iso.3.6.1.2.1.2.2.1.3.2 = INTEGER: 6
iso.3.6.1.2.1.2.2.1.3.3 = INTEGER: 6
iso.3.6.1.2.1.2.2.1.3.4 = INTEGER: 6
iso.3.6.1.2.1.2.2.1.3.5 = INTEGER: 6
iso.3.6.1.2.1.2.2.1.3.6 = INTEGER: 6
iso.3.6.1.2.1.2.2.1.3.7 = INTEGER: 6
iso.3.6.1.2.1.2.2.1.3.8 = INTEGER: 6
iso.3.6.1.2.1.2.2.1.3.9 = INTEGER: 6
iso.3.6.1.2.1.2.2.1.3.10 = INTEGER: 6
iso.3.6.1.2.1.2.2.1.3.11 = INTEGER: 6
iso.3.6.1.2.1.2.2.1.3.12 = INTEGER: 6
iso.3.6.1.2.1.2.2.1.3.13 = INTEGER: 6
iso.3.6.1.2.1.2.2.1.3.14 = INTEGER: 209
iso.3.6.1.2.1.2.2.1.4.1 = INTEGER: 1500
iso.3.6.1.2.1.2.2.1.4.2 = INTEGER: 1500
iso.3.6.1.2.1.2.2.1.4.3 = INTEGER: 1500
iso.3.6.1.2.1.2.2.1.4.4 = INTEGER: 1500
iso.3.6.1.2.1.2.2.1.4.5 = INTEGER: 1500
iso.3.6.1.2.1.2.2.1.4.6 = INTEGER: 1500
iso.3.6.1.2.1.2.2.1.4.7 = INTEGER: 1500
iso.3.6.1.2.1.2.2.1.4.8 = INTEGER: 1500
iso.3.6.1.2.1.2.2.1.4.9 = INTEGER: 1500
iso.3.6.1.2.1.2.2.1.4.10 = INTEGER: 1500
iso.3.6.1.2.1.2.2.1.4.11 = INTEGER: 1500
iso.3.6.1.2.1.2.2.1.4.12 = INTEGER: 1500
iso.3.6.1.2.1.2.2.1.4.13 = INTEGER: 1500
iso.3.6.1.2.1.2.2.1.4.14 = INTEGER: 1500
iso.3.6.1.2.1.2.2.1.5.1 = Gauge32: 1000000000
iso.3.6.1.2.1.2.2.1.5.2 = Gauge32: 1000000000
iso.3.6.1.2.1.2.2.1.5.3 = Gauge32: 1000000000
iso.3.6.1.2.1.2.2.1.5.4 = Gauge32: 0
iso.3.6.1.2.1.2.2.1.5.5 = Gauge32: 0
iso.3.6.1.2.1.2.2.1.5.6 = Gauge32: 0
iso.3.6.1.2.1.2.2.1.5.7 = Gauge32: 0
iso.3.6.1.2.1.2.2.1.5.8 = Gauge32: 0
iso.3.6.1.2.1.2.2.1.5.9 = Gauge32: 0
iso.3.6.1.2.1.2.2.1.5.10 = Gauge32: 0
iso.3.6.1.2.1.2.2.1.5.11 = Gauge32: 0
iso.3.6.1.2.1.2.2.1.5.12 = Gauge32: 0
iso.3.6.1.2.1.2.2.1.5.13 = Gauge32: 0
iso.3.6.1.2.1.2.2.1.5.14 = Gauge32: 100000000
iso.3.6.1.2.1.2.2.1.6.1 = Hex-STRING: 74 4D 28 6E CA 2C 
iso.3.6.1.2.1.2.2.1.6.2 = Hex-STRING: 74 4D 28 6E CA 2D 
iso.3.6.1.2.1.2.2.1.6.3 = Hex-STRING: 74 4D 28 6E CA 2E 
iso.3.6.1.2.1.2.2.1.6.4 = Hex-STRING: 74 4D 28 6E CA 2F 
iso.3.6.1.2.1.2.2.1.6.5 = Hex-STRING: 74 4D 28 6E CA 30 
iso.3.6.1.2.1.2.2.1.6.6 = Hex-STRING: 74 4D 28 6E CA 31 
iso.3.6.1.2.1.2.2.1.6.7 = Hex-STRING: 74 4D 28 6E CA 32 
iso.3.6.1.2.1.2.2.1.6.8 = Hex-STRING: 74 4D 28 6E CA 33 
iso.3.6.1.2.1.2.2.1.6.9 = Hex-STRING: 74 4D 28 6E CA 34 
iso.3.6.1.2.1.2.2.1.6.10 = Hex-STRING: 74 4D 28 6E CA 35 
iso.3.6.1.2.1.2.2.1.6.11 = Hex-STRING: 74 4D 28 6E CA 36 
iso.3.6.1.2.1.2.2.1.6.12 = Hex-STRING: 74 4D 28 6E CA 37 
iso.3.6.1.2.1.2.2.1.6.13 = Hex-STRING: 74 4D 28 6E CA 38 
iso.3.6.1.2.1.2.2.1.6.14 = Hex-STRING: 74 4D 28 6E CA 2D 
iso.3.6.1.2.1.2.2.1.7.1 = INTEGER: 1
iso.3.6.1.2.1.2.2.1.7.2 = INTEGER: 1
iso.3.6.1.2.1.2.2.1.7.3 = INTEGER: 1
iso.3.6.1.2.1.2.2.1.7.4 = INTEGER: 1
iso.3.6.1.2.1.2.2.1.7.5 = INTEGER: 1
iso.3.6.1.2.1.2.2.1.7.6 = INTEGER: 1
iso.3.6.1.2.1.2.2.1.7.7 = INTEGER: 1
iso.3.6.1.2.1.2.2.1.7.8 = INTEGER: 1
iso.3.6.1.2.1.2.2.1.7.9 = INTEGER: 1
iso.3.6.1.2.1.2.2.1.7.10 = INTEGER: 1
iso.3.6.1.2.1.2.2.1.7.11 = INTEGER: 1
iso.3.6.1.2.1.2.2.1.7.12 = INTEGER: 1
iso.3.6.1.2.1.2.2.1.7.13 = INTEGER: 1
iso.3.6.1.2.1.2.2.1.7.14 = INTEGER: 1
iso.3.6.1.2.1.2.2.1.8.1 = INTEGER: 1
iso.3.6.1.2.1.2.2.1.8.2 = INTEGER: 1
iso.3.6.1.2.1.2.2.1.8.3 = INTEGER: 1
iso.3.6.1.2.1.2.2.1.8.4 = INTEGER: 2
iso.3.6.1.2.1.2.2.1.8.5 = INTEGER: 2
iso.3.6.1.2.1.2.2.1.8.6 = INTEGER: 2
iso.3.6.1.2.1.2.2.1.8.7 = INTEGER: 2
iso.3.6.1.2.1.2.2.1.8.8 = INTEGER: 2
iso.3.6.1.2.1.2.2.1.8.9 = INTEGER: 2
iso.3.6.1.2.1.2.2.1.8.10 = INTEGER: 2
iso.3.6.1.2.1.2.2.1.8.11 = INTEGER: 2
iso.3.6.1.2.1.2.2.1.8.12 = INTEGER: 2
iso.3.6.1.2.1.2.2.1.8.13 = INTEGER: 2
iso.3.6.1.2.1.2.2.1.8.14 = INTEGER: 1
iso.3.6.1.2.1.2.2.1.9.1 = Timeticks: (0) 0:00:00.00
iso.3.6.1.2.1.2.2.1.9.2 = Timeticks: (0) 0:00:00.00
iso.3.6.1.2.1.2.2.1.9.3 = Timeticks: (0) 0:00:00.00
iso.3.6.1.2.1.2.2.1.9.4 = Timeticks: (0) 0:00:00.00
iso.3.6.1.2.1.2.2.1.9.5 = Timeticks: (0) 0:00:00.00
iso.3.6.1.2.1.2.2.1.9.6 = Timeticks: (0) 0:00:00.00
iso.3.6.1.2.1.2.2.1.9.7 = Timeticks: (0) 0:00:00.00
iso.3.6.1.2.1.2.2.1.9.8 = Timeticks: (0) 0:00:00.00
iso.3.6.1.2.1.2.2.1.9.9 = Timeticks: (0) 0:00:00.00
iso.3.6.1.2.1.2.2.1.9.10 = Timeticks: (0) 0:00:00.00
iso.3.6.1.2.1.2.2.1.9.11 = Timeticks: (0) 0:00:00.00
iso.3.6.1.2.1.2.2.1.9.12 = Timeticks: (0) 0:00:00.00
iso.3.6.1.2.1.2.2.1.9.13 = Timeticks: (0) 0:00:00.00
iso.3.6.1.2.1.2.2.1.9.14 = Timeticks: (0) 0:00:00.00
iso.3.6.1.2.1.2.2.1.10.1 = Counter32: 2744099507
iso.3.6.1.2.1.2.2.1.10.2 = Counter32: 2984877988
iso.3.6.1.2.1.2.2.1.10.3 = Counter32: 1968177956
iso.3.6.1.2.1.2.2.1.10.4 = Counter32: 0
iso.3.6.1.2.1.2.2.1.10.5 = Counter32: 244321
iso.3.6.1.2.1.2.2.1.10.6 = Counter32: 0
iso.3.6.1.2.1.2.2.1.10.7 = Counter32: 0
iso.3.6.1.2.1.2.2.1.10.8 = Counter32: 0
iso.3.6.1.2.1.2.2.1.10.9 = Counter32: 0
iso.3.6.1.2.1.2.2.1.10.10 = Counter32: 0
iso.3.6.1.2.1.2.2.1.10.11 = Counter32: 0
iso.3.6.1.2.1.2.2.1.10.12 = Counter32: 0
iso.3.6.1.2.1.2.2.1.10.13 = Counter32: 0
iso.3.6.1.2.1.2.2.1.10.14 = Counter32: 3114469886
iso.3.6.1.2.1.2.2.1.11.1 = Counter32: 1460972947
iso.3.6.1.2.1.2.2.1.11.2 = Counter32: 31649657
iso.3.6.1.2.1.2.2.1.11.3 = Counter32: 3427051140
iso.3.6.1.2.1.2.2.1.11.4 = Counter32: 0
iso.3.6.1.2.1.2.2.1.11.5 = Counter32: 3086
iso.3.6.1.2.1.2.2.1.11.6 = Counter32: 0
iso.3.6.1.2.1.2.2.1.11.7 = Counter32: 0
iso.3.6.1.2.1.2.2.1.11.8 = Counter32: 0
iso.3.6.1.2.1.2.2.1.11.9 = Counter32: 0
iso.3.6.1.2.1.2.2.1.11.10 = Counter32: 0
iso.3.6.1.2.1.2.2.1.11.11 = Counter32: 0
iso.3.6.1.2.1.2.2.1.11.12 = Counter32: 0
iso.3.6.1.2.1.2.2.1.11.13 = Counter32: 0
iso.3.6.1.2.1.2.2.1.11.14 = Counter32: 3458700459
iso.3.6.1.2.1.2.2.1.12.1 = Counter32: 0
iso.3.6.1.2.1.2.2.1.12.2 = Counter32: 0
iso.3.6.1.2.1.2.2.1.12.3 = Counter32: 0
iso.3.6.1.2.1.2.2.1.12.4 = Counter32: 0
iso.3.6.1.2.1.2.2.1.12.5 = Counter32: 0
iso.3.6.1.2.1.2.2.1.12.6 = Counter32: 0
iso.3.6.1.2.1.2.2.1.12.7 = Counter32: 0
iso.3.6.1.2.1.2.2.1.12.8 = Counter32: 0
iso.3.6.1.2.1.2.2.1.12.9 = Counter32: 0
iso.3.6.1.2.1.2.2.1.12.10 = Counter32: 0
iso.3.6.1.2.1.2.2.1.12.11 = Counter32: 0
iso.3.6.1.2.1.2.2.1.12.12 = Counter32: 0
iso.3.6.1.2.1.2.2.1.12.13 = Counter32: 0
iso.3.6.1.2.1.2.2.1.12.14 = Counter32: 0
iso.3.6.1.2.1.2.2.1.13.1 = Counter32: 0
iso.3.6.1.2.1.2.2.1.13.2 = Counter32: 0
iso.3.6.1.2.1.2.2.1.13.3 = Counter32: 0
iso.3.6.1.2.1.2.2.1.13.4 = Counter32: 0
iso.3.6.1.2.1.2.2.1.13.5 = Counter32: 0
iso.3.6.1.2.1.2.2.1.13.6 = Counter32: 0
iso.3.6.1.2.1.2.2.1.13.7 = Counter32: 0
iso.3.6.1.2.1.2.2.1.13.8 = Counter32: 0
iso.3.6.1.2.1.2.2.1.13.9 = Counter32: 0
iso.3.6.1.2.1.2.2.1.13.10 = Counter32: 0
iso.3.6.1.2.1.2.2.1.13.11 = Counter32: 0
iso.3.6.1.2.1.2.2.1.13.12 = Counter32: 0
iso.3.6.1.2.1.2.2.1.13.13 = Counter32: 0
iso.3.6.1.2.1.2.2.1.13.14 = Counter32: 0
iso.3.6.1.2.1.2.2.1.14.1 = Counter32: 0
iso.3.6.1.2.1.2.2.1.14.2 = Counter32: 0
iso.3.6.1.2.1.2.2.1.14.3 = Counter32: 0
iso.3.6.1.2.1.2.2.1.14.4 = Counter32: 0
iso.3.6.1.2.1.2.2.1.14.5 = Counter32: 0
iso.3.6.1.2.1.2.2.1.14.6 = Counter32: 0
iso.3.6.1.2.1.2.2.1.14.7 = Counter32: 0
iso.3.6.1.2.1.2.2.1.14.8 = Counter32: 0
iso.3.6.1.2.1.2.2.1.14.9 = Counter32: 0
iso.3.6.1.2.1.2.2.1.14.10 = Counter32: 0
iso.3.6.1.2.1.2.2.1.14.11 = Counter32: 0
iso.3.6.1.2.1.2.2.1.14.12 = Counter32: 0
iso.3.6.1.2.1.2.2.1.14.13 = Counter32: 0
iso.3.6.1.2.1.2.2.1.14.14 = Counter32: 0
iso.3.6.1.2.1.2.2.1.15.1 = Counter32: 0
iso.3.6.1.2.1.2.2.1.15.2 = Counter32: 0
iso.3.6.1.2.1.2.2.1.15.3 = Counter32: 0
iso.3.6.1.2.1.2.2.1.15.4 = Counter32: 0
iso.3.6.1.2.1.2.2.1.15.5 = Counter32: 0
iso.3.6.1.2.1.2.2.1.15.6 = Counter32: 0
iso.3.6.1.2.1.2.2.1.15.7 = Counter32: 0
iso.3.6.1.2.1.2.2.1.15.8 = Counter32: 0
iso.3.6.1.2.1.2.2.1.15.9 = Counter32: 0
iso.3.6.1.2.1.2.2.1.15.10 = Counter32: 0
iso.3.6.1.2.1.2.2.1.15.11 = Counter32: 0
iso.3.6.1.2.1.2.2.1.15.12 = Counter32: 0
iso.3.6.1.2.1.2.2.1.15.13 = Counter32: 0
iso.3.6.1.2.1.2.2.1.15.14 = Counter32: 0
iso.3.6.1.2.1.2.2.1.16.1 = Counter32: 2546752197
iso.3.6.1.2.1.2.2.1.16.2 = Counter32: 3449382392
iso.3.6.1.2.1.2.2.1.16.3 = Counter32: 19388295
iso.3.6.1.2.1.2.2.1.16.4 = Counter32: 0
iso.3.6.1.2.1.2.2.1.16.5 = Counter32: 2751378
iso.3.6.1.2.1.2.2.1.16.6 = Counter32: 0
iso.3.6.1.2.1.2.2.1.16.7 = Counter32: 0
iso.3.6.1.2.1.2.2.1.16.8 = Counter32: 0
iso.3.6.1.2.1.2.2.1.16.9 = Counter32: 0
iso.3.6.1.2.1.2.2.1.16.10 = Counter32: 0
iso.3.6.1.2.1.2.2.1.16.11 = Counter32: 0
iso.3.6.1.2.1.2.2.1.16.12 = Counter32: 0
iso.3.6.1.2.1.2.2.1.16.13 = Counter32: 0
iso.3.6.1.2.1.2.2.1.16.14 = Counter32: 3713266816
iso.3.6.1.2.1.2.2.1.17.1 = Counter32: 3400823249
iso.3.6.1.2.1.2.2.1.17.2 = Counter32: 38322310
iso.3.6.1.2.1.2.2.1.17.3 = Counter32: 1492215656
iso.3.6.1.2.1.2.2.1.17.4 = Counter32: 0
iso.3.6.1.2.1.2.2.1.17.5 = Counter32: 2492
iso.3.6.1.2.1.2.2.1.17.6 = Counter32: 0
iso.3.6.1.2.1.2.2.1.17.7 = Counter32: 0
iso.3.6.1.2.1.2.2.1.17.8 = Counter32: 0
iso.3.6.1.2.1.2.2.1.17.9 = Counter32: 0
iso.3.6.1.2.1.2.2.1.17.10 = Counter32: 0
iso.3.6.1.2.1.2.2.1.17.11 = Counter32: 0
iso.3.6.1.2.1.2.2.1.17.12 = Counter32: 0
iso.3.6.1.2.1.2.2.1.17.13 = Counter32: 0
iso.3.6.1.2.1.2.2.1.17.14 = Counter32: 1454673059
iso.3.6.1.2.1.2.2.1.18.1 = Counter32: 0
iso.3.6.1.2.1.2.2.1.18.2 = Counter32: 0
iso.3.6.1.2.1.2.2.1.18.3 = Counter32: 0
iso.3.6.1.2.1.2.2.1.18.4 = Counter32: 0
iso.3.6.1.2.1.2.2.1.18.5 = Counter32: 0
iso.3.6.1.2.1.2.2.1.18.6 = Counter32: 0
iso.3.6.1.2.1.2.2.1.18.7 = Counter32: 0
iso.3.6.1.2.1.2.2.1.18.8 = Counter32: 0
iso.3.6.1.2.1.2.2.1.18.9 = Counter32: 0
iso.3.6.1.2.1.2.2.1.18.10 = Counter32: 0
iso.3.6.1.2.1.2.2.1.18.11 = Counter32: 0
iso.3.6.1.2.1.2.2.1.18.12 = Counter32: 0
iso.3.6.1.2.1.2.2.1.18.13 = Counter32: 0
iso.3.6.1.2.1.2.2.1.18.14 = Counter32: 0
iso.3.6.1.2.1.2.2.1.19.1 = Counter32: 0
iso.3.6.1.2.1.2.2.1.19.2 = Counter32: 0
iso.3.6.1.2.1.2.2.1.19.3 = Counter32: 0
iso.3.6.1.2.1.2.2.1.19.4 = Counter32: 0
iso.3.6.1.2.1.2.2.1.19.5 = Counter32: 0
iso.3.6.1.2.1.2.2.1.19.6 = Counter32: 0
iso.3.6.1.2.1.2.2.1.19.7 = Counter32: 0
iso.3.6.1.2.1.2.2.1.19.8 = Counter32: 0
iso.3.6.1.2.1.2.2.1.19.9 = Counter32: 0
iso.3.6.1.2.1.2.2.1.19.10 = Counter32: 0
iso.3.6.1.2.1.2.2.1.19.11 = Counter32: 0
iso.3.6.1.2.1.2.2.1.19.12 = Counter32: 0
iso.3.6.1.2.1.2.2.1.19.13 = Counter32: 0
iso.3.6.1.2.1.2.2.1.19.14 = Counter32: 0
iso.3.6.1.2.1.2.2.1.20.1 = Counter32: 0
iso.3.6.1.2.1.2.2.1.20.2 = Counter32: 0
iso.3.6.1.2.1.2.2.1.20.3 = Counter32: 0
iso.3.6.1.2.1.2.2.1.20.4 = Counter32: 0
iso.3.6.1.2.1.2.2.1.20.5 = Counter32: 0
iso.3.6.1.2.1.2.2.1.20.6 = Counter32: 0
iso.3.6.1.2.1.2.2.1.20.7 = Counter32: 0
iso.3.6.1.2.1.2.2.1.20.8 = Counter32: 0
iso.3.6.1.2.1.2.2.1.20.9 = Counter32: 0
iso.3.6.1.2.1.2.2.1.20.10 = Counter32: 0
iso.3.6.1.2.1.2.2.1.20.11 = Counter32: 0
iso.3.6.1.2.1.2.2.1.20.12 = Counter32: 0
iso.3.6.1.2.1.2.2.1.20.13 = Counter32: 0
iso.3.6.1.2.1.2.2.1.20.14 = Counter32: 0
iso.3.6.1.2.1.2.2.1.21.1 = Gauge32: 0
iso.3.6.1.2.1.2.2.1.21.2 = Gauge32: 0
iso.3.6.1.2.1.2.2.1.21.3 = Gauge32: 0
iso.3.6.1.2.1.2.2.1.21.4 = Gauge32: 0
iso.3.6.1.2.1.2.2.1.21.5 = Gauge32: 0
iso.3.6.1.2.1.2.2.1.21.6 = Gauge32: 0
iso.3.6.1.2.1.2.2.1.21.7 = Gauge32: 0
iso.3.6.1.2.1.2.2.1.21.8 = Gauge32: 0
iso.3.6.1.2.1.2.2.1.21.9 = Gauge32: 0
iso.3.6.1.2.1.2.2.1.21.10 = Gauge32: 0
iso.3.6.1.2.1.2.2.1.21.11 = Gauge32: 0
iso.3.6.1.2.1.2.2.1.21.12 = Gauge32: 0
iso.3.6.1.2.1.2.2.1.21.13 = Gauge32: 0
iso.3.6.1.2.1.2.2.1.21.14 = Gauge32: 0
iso.3.6.1.2.1.2.2.1.22.1 = OID: ccitt.0
iso.3.6.1.2.1.2.2.1.22.2 = OID: ccitt.0
iso.3.6.1.2.1.2.2.1.22.3 = OID: ccitt.0
iso.3.6.1.2.1.2.2.1.22.4 = OID: ccitt.0
iso.3.6.1.2.1.2.2.1.22.5 = OID: ccitt.0
iso.3.6.1.2.1.2.2.1.22.6 = OID: ccitt.0
iso.3.6.1.2.1.2.2.1.22.7 = OID: ccitt.0
iso.3.6.1.2.1.2.2.1.22.8 = OID: ccitt.0
iso.3.6.1.2.1.2.2.1.22.9 = OID: ccitt.0
iso.3.6.1.2.1.2.2.1.22.10 = OID: ccitt.0
iso.3.6.1.2.1.2.2.1.22.11 = OID: ccitt.0
iso.3.6.1.2.1.2.2.1.22.12 = OID: ccitt.0
iso.3.6.1.2.1.2.2.1.22.13 = OID: ccitt.0
iso.3.6.1.2.1.2.2.1.22.14 = OID: ccitt.0
iso.3.6.1.2.1.4.1.0 = INTEGER: 1
iso.3.6.1.2.1.4.2.0 = INTEGER: 255
iso.3.6.1.2.1.4.20.1.1.10.20.26.1 = IpAddress: 10.20.26.1
iso.3.6.1.2.1.4.20.1.1.10.20.26.12 = IpAddress: 10.20.26.12
iso.3.6.1.2.1.4.20.1.2.10.20.26.1 = INTEGER: 1
iso.3.6.1.2.1.4.20.1.2.10.20.26.12 = INTEGER: 14
iso.3.6.1.2.1.4.20.1.3.10.20.26.1 = IpAddress: 255.255.255.252
iso.3.6.1.2.1.4.20.1.3.10.20.26.12 = IpAddress: 255.255.255.248
iso.3.6.1.2.1.4.20.1.4.10.20.26.1 = INTEGER: 1
iso.3.6.1.2.1.4.20.1.4.10.20.26.12 = INTEGER: 1
iso.3.6.1.2.1.4.20.1.5.10.20.26.1 = INTEGER: 65535
iso.3.6.1.2.1.4.20.1.5.10.20.26.12 = INTEGER: 65535
iso.3.6.1.2.1.4.21.1.1.10.2.2.0 = IpAddress: 10.2.2.0
iso.3.6.1.2.1.4.21.1.1.10.20.21.0 = IpAddress: 10.20.21.0
iso.3.6.1.2.1.4.21.1.1.10.20.24.0 = IpAddress: 10.20.24.0
iso.3.6.1.2.1.4.21.1.1.10.20.26.0 = IpAddress: 10.20.26.0
iso.3.6.1.2.1.4.21.1.1.10.20.26.8 = IpAddress: 10.20.26.8
iso.3.6.1.2.1.4.21.1.1.192.168.69.0 = IpAddress: 192.168.69.0
iso.3.6.1.2.1.4.21.1.2.10.2.2.0 = INTEGER: 1
iso.3.6.1.2.1.4.21.1.2.10.20.21.0 = INTEGER: 14
iso.3.6.1.2.1.4.21.1.2.10.20.24.0 = INTEGER: 14
iso.3.6.1.2.1.4.21.1.2.10.20.26.0 = INTEGER: 1
iso.3.6.1.2.1.4.21.1.2.10.20.26.8 = INTEGER: 14
iso.3.6.1.2.1.4.21.1.2.192.168.69.0 = INTEGER: 1
iso.3.6.1.2.1.4.21.1.3.10.2.2.0 = INTEGER: 1
iso.3.6.1.2.1.4.21.1.3.10.20.21.0 = INTEGER: 1
iso.3.6.1.2.1.4.21.1.3.10.20.24.0 = INTEGER: 1
iso.3.6.1.2.1.4.21.1.3.10.20.26.0 = INTEGER: 0
iso.3.6.1.2.1.4.21.1.3.10.20.26.8 = INTEGER: 0
iso.3.6.1.2.1.4.21.1.3.192.168.69.0 = INTEGER: 1
iso.3.6.1.2.1.4.21.1.4.10.2.2.0 = INTEGER: -1
iso.3.6.1.2.1.4.21.1.4.10.20.21.0 = INTEGER: -1
iso.3.6.1.2.1.4.21.1.4.10.20.24.0 = INTEGER: -1
iso.3.6.1.2.1.4.21.1.4.10.20.26.0 = INTEGER: -1
iso.3.6.1.2.1.4.21.1.4.10.20.26.8 = INTEGER: -1
iso.3.6.1.2.1.4.21.1.4.192.168.69.0 = INTEGER: -1
iso.3.6.1.2.1.4.21.1.5.10.2.2.0 = INTEGER: -1
iso.3.6.1.2.1.4.21.1.5.10.20.21.0 = INTEGER: -1
iso.3.6.1.2.1.4.21.1.5.10.20.24.0 = INTEGER: -1
iso.3.6.1.2.1.4.21.1.5.10.20.26.0 = INTEGER: -1
iso.3.6.1.2.1.4.21.1.5.10.20.26.8 = INTEGER: -1
iso.3.6.1.2.1.4.21.1.5.192.168.69.0 = INTEGER: -1
iso.3.6.1.2.1.4.21.1.6.10.2.2.0 = INTEGER: -1
iso.3.6.1.2.1.4.21.1.6.10.20.21.0 = INTEGER: -1
iso.3.6.1.2.1.4.21.1.6.10.20.24.0 = INTEGER: -1
iso.3.6.1.2.1.4.21.1.6.10.20.26.0 = INTEGER: -1
iso.3.6.1.2.1.4.21.1.6.10.20.26.8 = INTEGER: -1
iso.3.6.1.2.1.4.21.1.6.192.168.69.0 = INTEGER: -1
iso.3.6.1.2.1.4.21.1.7.10.2.2.0 = IpAddress: 10.20.26.2
iso.3.6.1.2.1.4.21.1.7.10.20.21.0 = IpAddress: 10.20.26.11
iso.3.6.1.2.1.4.21.1.7.10.20.24.0 = IpAddress: 10.20.26.11
iso.3.6.1.2.1.4.21.1.7.10.20.26.0 = IpAddress: 10.20.26.1
iso.3.6.1.2.1.4.21.1.7.10.20.26.8 = IpAddress: 10.20.26.12
iso.3.6.1.2.1.4.21.1.7.192.168.69.0 = IpAddress: 10.20.26.2
iso.3.6.1.2.1.4.21.1.8.10.2.2.0 = INTEGER: 4
iso.3.6.1.2.1.4.21.1.8.10.20.21.0 = INTEGER: 4
iso.3.6.1.2.1.4.21.1.8.10.20.24.0 = INTEGER: 4
iso.3.6.1.2.1.4.21.1.8.10.20.26.0 = INTEGER: 3
iso.3.6.1.2.1.4.21.1.8.10.20.26.8 = INTEGER: 3
iso.3.6.1.2.1.4.21.1.8.192.168.69.0 = INTEGER: 4
iso.3.6.1.2.1.4.21.1.9.10.2.2.0 = INTEGER: 2
iso.3.6.1.2.1.4.21.1.9.10.20.21.0 = INTEGER: 2
iso.3.6.1.2.1.4.21.1.9.10.20.24.0 = INTEGER: 2
iso.3.6.1.2.1.4.21.1.9.10.20.26.0 = INTEGER: 1
iso.3.6.1.2.1.4.21.1.9.10.20.26.8 = INTEGER: 1
iso.3.6.1.2.1.4.21.1.9.192.168.69.0 = INTEGER: 2
iso.3.6.1.2.1.4.21.1.10.10.2.2.0 = INTEGER: 0
iso.3.6.1.2.1.4.21.1.10.10.20.21.0 = INTEGER: 0
iso.3.6.1.2.1.4.21.1.10.10.20.24.0 = INTEGER: 0
iso.3.6.1.2.1.4.21.1.10.10.20.26.0 = INTEGER: 0
iso.3.6.1.2.1.4.21.1.10.10.20.26.8 = INTEGER: 0
iso.3.6.1.2.1.4.21.1.10.192.168.69.0 = INTEGER: 0
iso.3.6.1.2.1.4.21.1.11.10.2.2.0 = IpAddress: 255.255.255.0
iso.3.6.1.2.1.4.21.1.11.10.20.21.0 = IpAddress: 255.255.255.0
iso.3.6.1.2.1.4.21.1.11.10.20.24.0 = IpAddress: 255.255.255.0
iso.3.6.1.2.1.4.21.1.11.10.20.26.0 = IpAddress: 255.255.255.252
iso.3.6.1.2.1.4.21.1.11.10.20.26.8 = IpAddress: 255.255.255.248
iso.3.6.1.2.1.4.21.1.11.192.168.69.0 = IpAddress: 255.255.255.0
iso.3.6.1.2.1.4.21.1.12.10.2.2.0 = INTEGER: -1
iso.3.6.1.2.1.4.21.1.12.10.20.21.0 = INTEGER: -1
iso.3.6.1.2.1.4.21.1.12.10.20.24.0 = INTEGER: -1
iso.3.6.1.2.1.4.21.1.12.10.20.26.0 = INTEGER: -1
iso.3.6.1.2.1.4.21.1.12.10.20.26.8 = INTEGER: -1
iso.3.6.1.2.1.4.21.1.12.192.168.69.0 = INTEGER: -1
iso.3.6.1.2.1.4.21.1.13.10.2.2.0 = OID: ccitt.0
iso.3.6.1.2.1.4.21.1.13.10.20.21.0 = OID: ccitt.0
iso.3.6.1.2.1.4.21.1.13.10.20.24.0 = OID: ccitt.0
iso.3.6.1.2.1.4.21.1.13.10.20.26.0 = OID: ccitt.0
iso.3.6.1.2.1.4.21.1.13.10.20.26.8 = OID: ccitt.0
iso.3.6.1.2.1.4.21.1.13.192.168.69.0 = OID: ccitt.0
iso.3.6.1.2.1.4.22.1.1.1.10.20.26.2 = INTEGER: 1
iso.3.6.1.2.1.4.22.1.1.14.10.20.26.9 = INTEGER: 14
iso.3.6.1.2.1.4.22.1.1.14.10.20.26.11 = INTEGER: 14
iso.3.6.1.2.1.4.22.1.2.1.10.20.26.2 = Hex-STRING: 74 4D 28 6E D0 D2 
iso.3.6.1.2.1.4.22.1.2.14.10.20.26.9 = Hex-STRING: 00 1C 7F 6A 59 39 
iso.3.6.1.2.1.4.22.1.2.14.10.20.26.11 = Hex-STRING: 00 1C 7F 6A 59 39 
iso.3.6.1.2.1.4.22.1.3.1.10.20.26.2 = IpAddress: 10.20.26.2
iso.3.6.1.2.1.4.22.1.3.14.10.20.26.9 = IpAddress: 10.20.26.9
iso.3.6.1.2.1.4.22.1.3.14.10.20.26.11 = IpAddress: 10.20.26.11
iso.3.6.1.2.1.4.22.1.4.1.10.20.26.2 = INTEGER: 3
iso.3.6.1.2.1.4.22.1.4.14.10.20.26.9 = INTEGER: 3
iso.3.6.1.2.1.4.22.1.4.14.10.20.26.11 = INTEGER: 3
iso.3.6.1.2.1.4.24.3.0 = Gauge32: 9
iso.3.6.1.2.1.4.24.4.1.1.10.2.2.0.255.255.255.0.0.10.20.26.2 = IpAddress: 10.2.2.0
iso.3.6.1.2.1.4.24.4.1.1.10.20.21.0.255.255.255.0.0.10.20.26.11 = IpAddress: 10.20.21.0
iso.3.6.1.2.1.4.24.4.1.1.10.20.24.0.255.255.255.0.0.10.20.26.11 = IpAddress: 10.20.24.0
iso.3.6.1.2.1.4.24.4.1.1.10.20.26.0.255.255.255.252.0.10.20.26.1 = IpAddress: 10.20.26.0
iso.3.6.1.2.1.4.24.4.1.1.10.20.26.8.255.255.255.248.0.10.20.26.12 = IpAddress: 10.20.26.8
iso.3.6.1.2.1.4.24.4.1.1.192.168.69.0.255.255.255.0.0.10.20.26.2 = IpAddress: 192.168.69.0
iso.3.6.1.2.1.4.24.4.1.2.10.2.2.0.255.255.255.0.0.10.20.26.2 = IpAddress: 255.255.255.0
iso.3.6.1.2.1.4.24.4.1.2.10.20.21.0.255.255.255.0.0.10.20.26.11 = IpAddress: 255.255.255.0
iso.3.6.1.2.1.4.24.4.1.2.10.20.24.0.255.255.255.0.0.10.20.26.11 = IpAddress: 255.255.255.0
iso.3.6.1.2.1.4.24.4.1.2.10.20.26.0.255.255.255.252.0.10.20.26.1 = IpAddress: 255.255.255.252
iso.3.6.1.2.1.4.24.4.1.2.10.20.26.8.255.255.255.248.0.10.20.26.12 = IpAddress: 255.255.255.248
iso.3.6.1.2.1.4.24.4.1.2.192.168.69.0.255.255.255.0.0.10.20.26.2 = IpAddress: 255.255.255.0
iso.3.6.1.2.1.4.24.4.1.3.10.2.2.0.255.255.255.0.0.10.20.26.2 = INTEGER: 0
iso.3.6.1.2.1.4.24.4.1.3.10.20.21.0.255.255.255.0.0.10.20.26.11 = INTEGER: 0
iso.3.6.1.2.1.4.24.4.1.3.10.20.24.0.255.255.255.0.0.10.20.26.11 = INTEGER: 0
iso.3.6.1.2.1.4.24.4.1.3.10.20.26.0.255.255.255.252.0.10.20.26.1 = INTEGER: 0
iso.3.6.1.2.1.4.24.4.1.3.10.20.26.8.255.255.255.248.0.10.20.26.12 = INTEGER: 0
iso.3.6.1.2.1.4.24.4.1.3.192.168.69.0.255.255.255.0.0.10.20.26.2 = INTEGER: 0
iso.3.6.1.2.1.4.24.4.1.4.10.2.2.0.255.255.255.0.0.10.20.26.2 = IpAddress: 10.20.26.2
iso.3.6.1.2.1.4.24.4.1.4.10.20.21.0.255.255.255.0.0.10.20.26.11 = IpAddress: 10.20.26.11
iso.3.6.1.2.1.4.24.4.1.4.10.20.24.0.255.255.255.0.0.10.20.26.11 = IpAddress: 10.20.26.11
iso.3.6.1.2.1.4.24.4.1.4.10.20.26.0.255.255.255.252.0.10.20.26.1 = IpAddress: 10.20.26.1
iso.3.6.1.2.1.4.24.4.1.4.10.20.26.8.255.255.255.248.0.10.20.26.12 = IpAddress: 10.20.26.12
iso.3.6.1.2.1.4.24.4.1.4.192.168.69.0.255.255.255.0.0.10.20.26.2 = IpAddress: 10.20.26.2
iso.3.6.1.2.1.4.24.4.1.5.10.2.2.0.255.255.255.0.0.10.20.26.2 = INTEGER: 1
iso.3.6.1.2.1.4.24.4.1.5.10.20.21.0.255.255.255.0.0.10.20.26.11 = INTEGER: 14
iso.3.6.1.2.1.4.24.4.1.5.10.20.24.0.255.255.255.0.0.10.20.26.11 = INTEGER: 14
iso.3.6.1.2.1.4.24.4.1.5.10.20.26.0.255.255.255.252.0.10.20.26.1 = INTEGER: 1
iso.3.6.1.2.1.4.24.4.1.5.10.20.26.8.255.255.255.248.0.10.20.26.12 = INTEGER: 14
iso.3.6.1.2.1.4.24.4.1.5.192.168.69.0.255.255.255.0.0.10.20.26.2 = INTEGER: 1
iso.3.6.1.2.1.4.24.4.1.6.10.2.2.0.255.255.255.0.0.10.20.26.2 = INTEGER: 4
iso.3.6.1.2.1.4.24.4.1.6.10.20.21.0.255.255.255.0.0.10.20.26.11 = INTEGER: 4
iso.3.6.1.2.1.4.24.4.1.6.10.20.24.0.255.255.255.0.0.10.20.26.11 = INTEGER: 4
iso.3.6.1.2.1.4.24.4.1.6.10.20.26.0.255.255.255.252.0.10.20.26.1 = INTEGER: 3
iso.3.6.1.2.1.4.24.4.1.6.10.20.26.8.255.255.255.248.0.10.20.26.12 = INTEGER: 3
iso.3.6.1.2.1.4.24.4.1.6.192.168.69.0.255.255.255.0.0.10.20.26.2 = INTEGER: 4
iso.3.6.1.2.1.4.24.4.1.7.10.2.2.0.255.255.255.0.0.10.20.26.2 = INTEGER: 3
iso.3.6.1.2.1.4.24.4.1.7.10.20.21.0.255.255.255.0.0.10.20.26.11 = INTEGER: 3
iso.3.6.1.2.1.4.24.4.1.7.10.20.24.0.255.255.255.0.0.10.20.26.11 = INTEGER: 3
iso.3.6.1.2.1.4.24.4.1.7.10.20.26.0.255.255.255.252.0.10.20.26.1 = INTEGER: 2
iso.3.6.1.2.1.4.24.4.1.7.10.20.26.8.255.255.255.248.0.10.20.26.12 = INTEGER: 2
iso.3.6.1.2.1.4.24.4.1.7.192.168.69.0.255.255.255.0.0.10.20.26.2 = INTEGER: 3
iso.3.6.1.2.1.4.24.4.1.8.10.2.2.0.255.255.255.0.0.10.20.26.2 = INTEGER: 0
iso.3.6.1.2.1.4.24.4.1.8.10.20.21.0.255.255.255.0.0.10.20.26.11 = INTEGER: 0
iso.3.6.1.2.1.4.24.4.1.8.10.20.24.0.255.255.255.0.0.10.20.26.11 = INTEGER: 0
iso.3.6.1.2.1.4.24.4.1.8.10.20.26.0.255.255.255.252.0.10.20.26.1 = INTEGER: 0
iso.3.6.1.2.1.4.24.4.1.8.10.20.26.8.255.255.255.248.0.10.20.26.12 = INTEGER: 0
iso.3.6.1.2.1.4.24.4.1.8.192.168.69.0.255.255.255.0.0.10.20.26.2 = INTEGER: 0
iso.3.6.1.2.1.4.24.4.1.9.10.2.2.0.255.255.255.0.0.10.20.26.2 = OID: ccitt.0
iso.3.6.1.2.1.4.24.4.1.9.10.20.21.0.255.255.255.0.0.10.20.26.11 = OID: ccitt.0
iso.3.6.1.2.1.4.24.4.1.9.10.20.24.0.255.255.255.0.0.10.20.26.11 = OID: ccitt.0
iso.3.6.1.2.1.4.24.4.1.9.10.20.26.0.255.255.255.252.0.10.20.26.1 = OID: ccitt.0
iso.3.6.1.2.1.4.24.4.1.9.10.20.26.8.255.255.255.248.0.10.20.26.12 = OID: ccitt.0
iso.3.6.1.2.1.4.24.4.1.9.192.168.69.0.255.255.255.0.0.10.20.26.2 = OID: ccitt.0
iso.3.6.1.2.1.4.24.4.1.10.10.2.2.0.255.255.255.0.0.10.20.26.2 = INTEGER: 0
iso.3.6.1.2.1.4.24.4.1.10.10.20.21.0.255.255.255.0.0.10.20.26.11 = INTEGER: 0
iso.3.6.1.2.1.4.24.4.1.10.10.20.24.0.255.255.255.0.0.10.20.26.11 = INTEGER: 0
iso.3.6.1.2.1.4.24.4.1.10.10.20.26.0.255.255.255.252.0.10.20.26.1 = INTEGER: 0
iso.3.6.1.2.1.4.24.4.1.10.10.20.26.8.255.255.255.248.0.10.20.26.12 = INTEGER: 0
iso.3.6.1.2.1.4.24.4.1.10.192.168.69.0.255.255.255.0.0.10.20.26.2 = INTEGER: 0
iso.3.6.1.2.1.4.24.4.1.11.10.2.2.0.255.255.255.0.0.10.20.26.2 = INTEGER: 1
iso.3.6.1.2.1.4.24.4.1.11.10.20.21.0.255.255.255.0.0.10.20.26.11 = INTEGER: 1
iso.3.6.1.2.1.4.24.4.1.11.10.20.24.0.255.255.255.0.0.10.20.26.11 = INTEGER: 1
iso.3.6.1.2.1.4.24.4.1.11.10.20.26.0.255.255.255.252.0.10.20.26.1 = INTEGER: 0
iso.3.6.1.2.1.4.24.4.1.11.10.20.26.8.255.255.255.248.0.10.20.26.12 = INTEGER: 0
iso.3.6.1.2.1.4.24.4.1.11.192.168.69.0.255.255.255.0.0.10.20.26.2 = INTEGER: 1
iso.3.6.1.2.1.4.24.4.1.12.10.2.2.0.255.255.255.0.0.10.20.26.2 = INTEGER: -1
iso.3.6.1.2.1.4.24.4.1.12.10.20.21.0.255.255.255.0.0.10.20.26.11 = INTEGER: -1
iso.3.6.1.2.1.4.24.4.1.12.10.20.24.0.255.255.255.0.0.10.20.26.11 = INTEGER: -1
iso.3.6.1.2.1.4.24.4.1.12.10.20.26.0.255.255.255.252.0.10.20.26.1 = INTEGER: -1
iso.3.6.1.2.1.4.24.4.1.12.10.20.26.8.255.255.255.248.0.10.20.26.12 = INTEGER: -1
iso.3.6.1.2.1.4.24.4.1.12.192.168.69.0.255.255.255.0.0.10.20.26.2 = INTEGER: -1
iso.3.6.1.2.1.4.24.4.1.13.10.2.2.0.255.255.255.0.0.10.20.26.2 = INTEGER: -1
iso.3.6.1.2.1.4.24.4.1.13.10.20.21.0.255.255.255.0.0.10.20.26.11 = INTEGER: -1
iso.3.6.1.2.1.4.24.4.1.13.10.20.24.0.255.255.255.0.0.10.20.26.11 = INTEGER: -1
iso.3.6.1.2.1.4.24.4.1.13.10.20.26.0.255.255.255.252.0.10.20.26.1 = INTEGER: -1
iso.3.6.1.2.1.4.24.4.1.13.10.20.26.8.255.255.255.248.0.10.20.26.12 = INTEGER: -1
iso.3.6.1.2.1.4.24.4.1.13.192.168.69.0.255.255.255.0.0.10.20.26.2 = INTEGER: -1
iso.3.6.1.2.1.4.24.4.1.14.10.2.2.0.255.255.255.0.0.10.20.26.2 = INTEGER: -1
iso.3.6.1.2.1.4.24.4.1.14.10.20.21.0.255.255.255.0.0.10.20.26.11 = INTEGER: -1
iso.3.6.1.2.1.4.24.4.1.14.10.20.24.0.255.255.255.0.0.10.20.26.11 = INTEGER: -1
iso.3.6.1.2.1.4.24.4.1.14.10.20.26.0.255.255.255.252.0.10.20.26.1 = INTEGER: -1
iso.3.6.1.2.1.4.24.4.1.14.10.20.26.8.255.255.255.248.0.10.20.26.12 = INTEGER: -1
iso.3.6.1.2.1.4.24.4.1.14.192.168.69.0.255.255.255.0.0.10.20.26.2 = INTEGER: -1
iso.3.6.1.2.1.4.24.4.1.15.10.2.2.0.255.255.255.0.0.10.20.26.2 = INTEGER: -1
iso.3.6.1.2.1.4.24.4.1.15.10.20.21.0.255.255.255.0.0.10.20.26.11 = INTEGER: -1
iso.3.6.1.2.1.4.24.4.1.15.10.20.24.0.255.255.255.0.0.10.20.26.11 = INTEGER: -1
iso.3.6.1.2.1.4.24.4.1.15.10.20.26.0.255.255.255.252.0.10.20.26.1 = INTEGER: -1
iso.3.6.1.2.1.4.24.4.1.15.10.20.26.8.255.255.255.248.0.10.20.26.12 = INTEGER: -1
iso.3.6.1.2.1.4.24.4.1.15.192.168.69.0.255.255.255.0.0.10.20.26.2 = INTEGER: -1
iso.3.6.1.2.1.4.24.4.1.16.10.2.2.0.255.255.255.0.0.10.20.26.2 = INTEGER: 1
iso.3.6.1.2.1.4.24.4.1.16.10.20.21.0.255.255.255.0.0.10.20.26.11 = INTEGER: 1
iso.3.6.1.2.1.4.24.4.1.16.10.20.24.0.255.255.255.0.0.10.20.26.11 = INTEGER: 1
iso.3.6.1.2.1.4.24.4.1.16.10.20.26.0.255.255.255.252.0.10.20.26.1 = INTEGER: 1
iso.3.6.1.2.1.4.24.4.1.16.10.20.26.8.255.255.255.248.0.10.20.26.12 = INTEGER: 1
iso.3.6.1.2.1.4.24.4.1.16.192.168.69.0.255.255.255.0.0.10.20.26.2 = INTEGER: 1
iso.3.6.1.2.1.17.1.1.0 = Hex-STRING: 74 4D 28 6E CA 2D 
iso.3.6.1.2.1.17.2.1.0 = INTEGER: 3
iso.3.6.1.2.1.17.2.2.0 = INTEGER: 32768
iso.3.6.1.2.1.17.4.3.1.1.0.0.0.0.1.0 = Hex-STRING: 00 00 00 00 01 00 
iso.3.6.1.2.1.17.4.3.1.1.0.0.0.0.1.1 = Hex-STRING: 00 00 00 00 01 01 
iso.3.6.1.2.1.17.4.3.1.1.0.28.127.102.109.90 = Hex-STRING: 00 1C 7F 66 6D 5A 
iso.3.6.1.2.1.17.4.3.1.1.0.28.127.106.89.57 = Hex-STRING: 00 1C 7F 6A 59 39 
iso.3.6.1.2.1.17.4.3.1.1.116.77.40.110.202.45 = Hex-STRING: 74 4D 28 6E CA 2D 
iso.3.6.1.2.1.17.4.3.1.1.116.77.40.110.202.46 = Hex-STRING: 74 4D 28 6E CA 2E 
iso.3.6.1.2.1.17.4.3.1.2.0.0.0.0.1.0 = INTEGER: 3
iso.3.6.1.2.1.17.4.3.1.2.0.0.0.0.1.1 = INTEGER: 2
iso.3.6.1.2.1.17.4.3.1.2.0.28.127.102.109.90 = INTEGER: 2
iso.3.6.1.2.1.17.4.3.1.2.0.28.127.106.89.57 = INTEGER: 3
iso.3.6.1.2.1.17.4.3.1.2.116.77.40.110.202.45 = INTEGER: 14
iso.3.6.1.2.1.17.4.3.1.2.116.77.40.110.202.46 = INTEGER: 3
iso.3.6.1.2.1.17.4.3.1.3.0.0.0.0.1.0 = INTEGER: 3
iso.3.6.1.2.1.17.4.3.1.3.0.0.0.0.1.1 = INTEGER: 3
iso.3.6.1.2.1.17.4.3.1.3.0.28.127.102.109.90 = INTEGER: 3
iso.3.6.1.2.1.17.4.3.1.3.0.28.127.106.89.57 = INTEGER: 3
iso.3.6.1.2.1.17.4.3.1.3.116.77.40.110.202.45 = INTEGER: 4
iso.3.6.1.2.1.17.4.3.1.3.116.77.40.110.202.46 = INTEGER: 4
iso.3.6.1.2.1.25.1.1.0 = Timeticks: (1184299000) 137 days, 1:43:10.00
iso.3.6.1.2.1.25.1.2.0 = Hex-STRING: 07 B2 05 13 01 2B 09 00 2B 00 00 
iso.3.6.1.2.1.25.2.2.0 = INTEGER: 1048576
iso.3.6.1.2.1.25.2.3.1.1.65536 = INTEGER: 65536
iso.3.6.1.2.1.25.2.3.1.1.131072 = INTEGER: 131072
iso.3.6.1.2.1.25.2.3.1.2.65536 = OID: iso.3.6.1.2.1.25.2.1.2
iso.3.6.1.2.1.25.2.3.1.2.131072 = OID: iso.3.6.1.2.1.25.2.1.4
iso.3.6.1.2.1.25.2.3.1.3.65536 = STRING: "main memory"
iso.3.6.1.2.1.25.2.3.1.3.131072 = STRING: "system disk"
iso.3.6.1.2.1.25.2.3.1.4.65536 = INTEGER: 1024
iso.3.6.1.2.1.25.2.3.1.4.131072 = INTEGER: 1024
iso.3.6.1.2.1.25.2.3.1.5.65536 = INTEGER: 1048576
iso.3.6.1.2.1.25.2.3.1.5.131072 = INTEGER: 131328
iso.3.6.1.2.1.25.2.3.1.6.65536 = INTEGER: 50164
iso.3.6.1.2.1.25.2.3.1.6.131072 = INTEGER: 36536
iso.3.6.1.2.1.25.2.3.1.7.65536 = Counter32: 0
iso.3.6.1.2.1.25.2.3.1.7.131072 = Counter32: 0
iso.3.6.1.2.1.25.3.2.1.1.1 = INTEGER: 1
iso.3.6.1.2.1.25.3.2.1.1.2 = INTEGER: 2
iso.3.6.1.2.1.25.3.2.1.1.3 = INTEGER: 3
iso.3.6.1.2.1.25.3.2.1.1.4 = INTEGER: 4
iso.3.6.1.2.1.25.3.2.1.2.1 = OID: iso.3.6.1.2.1.25.3.1.3
iso.3.6.1.2.1.25.3.2.1.2.2 = OID: iso.3.6.1.2.1.25.3.1.3
iso.3.6.1.2.1.25.3.2.1.2.3 = OID: iso.3.6.1.2.1.25.3.1.3
iso.3.6.1.2.1.25.3.2.1.2.4 = OID: iso.3.6.1.2.1.25.3.1.3
iso.3.6.1.2.1.25.3.2.1.3.1 = ""
iso.3.6.1.2.1.25.3.2.1.3.2 = ""
iso.3.6.1.2.1.25.3.2.1.3.3 = ""
iso.3.6.1.2.1.25.3.2.1.3.4 = ""
iso.3.6.1.2.1.25.3.2.1.4.1 = OID: ccitt.0
iso.3.6.1.2.1.25.3.2.1.4.2 = OID: ccitt.0
iso.3.6.1.2.1.25.3.2.1.4.3 = OID: ccitt.0
iso.3.6.1.2.1.25.3.2.1.4.4 = OID: ccitt.0
iso.3.6.1.2.1.25.3.2.1.5.1 = INTEGER: 2
iso.3.6.1.2.1.25.3.2.1.5.2 = INTEGER: 2
iso.3.6.1.2.1.25.3.2.1.5.3 = INTEGER: 2
iso.3.6.1.2.1.25.3.2.1.5.4 = INTEGER: 2
iso.3.6.1.2.1.25.3.2.1.6.1 = Counter32: 0
iso.3.6.1.2.1.25.3.2.1.6.2 = Counter32: 0
iso.3.6.1.2.1.25.3.2.1.6.3 = Counter32: 0
iso.3.6.1.2.1.25.3.2.1.6.4 = Counter32: 0
iso.3.6.1.2.1.25.3.3.1.1.1 = OID: ccitt.0
iso.3.6.1.2.1.25.3.3.1.1.2 = OID: ccitt.0
iso.3.6.1.2.1.25.3.3.1.1.3 = OID: ccitt.0
iso.3.6.1.2.1.25.3.3.1.1.4 = OID: ccitt.0
iso.3.6.1.2.1.25.3.3.1.2.1 = INTEGER: 1
iso.3.6.1.2.1.25.3.3.1.2.2 = INTEGER: 0
iso.3.6.1.2.1.25.3.3.1.2.3 = INTEGER: 0
iso.3.6.1.2.1.25.3.3.1.2.4 = INTEGER: 0
iso.3.6.1.2.1.31.1.1.1.1.1 = STRING: "ether1"
iso.3.6.1.2.1.31.1.1.1.1.2 = STRING: "ether2"
iso.3.6.1.2.1.31.1.1.1.1.3 = STRING: "ether3"
iso.3.6.1.2.1.31.1.1.1.1.4 = STRING: "ether4"
iso.3.6.1.2.1.31.1.1.1.1.5 = STRING: "ether5"
iso.3.6.1.2.1.31.1.1.1.1.6 = STRING: "ether6"
iso.3.6.1.2.1.31.1.1.1.1.7 = STRING: "ether7"
iso.3.6.1.2.1.31.1.1.1.1.8 = STRING: "ether8"
iso.3.6.1.2.1.31.1.1.1.1.9 = STRING: "ether9"
iso.3.6.1.2.1.31.1.1.1.1.10 = STRING: "ether10"
iso.3.6.1.2.1.31.1.1.1.1.11 = STRING: "ether11"
iso.3.6.1.2.1.31.1.1.1.1.12 = STRING: "ether12"
iso.3.6.1.2.1.31.1.1.1.1.13 = STRING: "ether13"
iso.3.6.1.2.1.31.1.1.1.1.14 = STRING: "TO CP"
iso.3.6.1.2.1.31.1.1.1.2.1 = Counter32: 0
iso.3.6.1.2.1.31.1.1.1.2.2 = Counter32: 0
iso.3.6.1.2.1.31.1.1.1.2.3 = Counter32: 0
iso.3.6.1.2.1.31.1.1.1.2.4 = Counter32: 0
iso.3.6.1.2.1.31.1.1.1.2.5 = Counter32: 0
iso.3.6.1.2.1.31.1.1.1.2.6 = Counter32: 0
iso.3.6.1.2.1.31.1.1.1.2.7 = Counter32: 0
iso.3.6.1.2.1.31.1.1.1.2.8 = Counter32: 0
iso.3.6.1.2.1.31.1.1.1.2.9 = Counter32: 0
iso.3.6.1.2.1.31.1.1.1.2.10 = Counter32: 0
iso.3.6.1.2.1.31.1.1.1.2.11 = Counter32: 0
iso.3.6.1.2.1.31.1.1.1.2.12 = Counter32: 0
iso.3.6.1.2.1.31.1.1.1.2.13 = Counter32: 0
iso.3.6.1.2.1.31.1.1.1.2.14 = Counter32: 0
iso.3.6.1.2.1.31.1.1.1.3.1 = Counter32: 0
iso.3.6.1.2.1.31.1.1.1.3.2 = Counter32: 0
iso.3.6.1.2.1.31.1.1.1.3.3 = Counter32: 0
iso.3.6.1.2.1.31.1.1.1.3.4 = Counter32: 0
iso.3.6.1.2.1.31.1.1.1.3.5 = Counter32: 0
iso.3.6.1.2.1.31.1.1.1.3.6 = Counter32: 0
iso.3.6.1.2.1.31.1.1.1.3.7 = Counter32: 0
iso.3.6.1.2.1.31.1.1.1.3.8 = Counter32: 0
iso.3.6.1.2.1.31.1.1.1.3.9 = Counter32: 0
iso.3.6.1.2.1.31.1.1.1.3.10 = Counter32: 0
iso.3.6.1.2.1.31.1.1.1.3.11 = Counter32: 0
iso.3.6.1.2.1.31.1.1.1.3.12 = Counter32: 0
iso.3.6.1.2.1.31.1.1.1.3.13 = Counter32: 0
iso.3.6.1.2.1.31.1.1.1.3.14 = Counter32: 0
iso.3.6.1.2.1.31.1.1.1.4.1 = Counter32: 0
iso.3.6.1.2.1.31.1.1.1.4.2 = Counter32: 0
iso.3.6.1.2.1.31.1.1.1.4.3 = Counter32: 0
iso.3.6.1.2.1.31.1.1.1.4.4 = Counter32: 0
iso.3.6.1.2.1.31.1.1.1.4.5 = Counter32: 0
iso.3.6.1.2.1.31.1.1.1.4.6 = Counter32: 0
iso.3.6.1.2.1.31.1.1.1.4.7 = Counter32: 0
iso.3.6.1.2.1.31.1.1.1.4.8 = Counter32: 0
iso.3.6.1.2.1.31.1.1.1.4.9 = Counter32: 0
iso.3.6.1.2.1.31.1.1.1.4.10 = Counter32: 0
iso.3.6.1.2.1.31.1.1.1.4.11 = Counter32: 0
iso.3.6.1.2.1.31.1.1.1.4.12 = Counter32: 0
iso.3.6.1.2.1.31.1.1.1.4.13 = Counter32: 0
iso.3.6.1.2.1.31.1.1.1.4.14 = Counter32: 0
iso.3.6.1.2.1.31.1.1.1.5.1 = Counter32: 0
iso.3.6.1.2.1.31.1.1.1.5.2 = Counter32: 0
iso.3.6.1.2.1.31.1.1.1.5.3 = Counter32: 0
iso.3.6.1.2.1.31.1.1.1.5.4 = Counter32: 0
iso.3.6.1.2.1.31.1.1.1.5.5 = Counter32: 0
iso.3.6.1.2.1.31.1.1.1.5.6 = Counter32: 0
iso.3.6.1.2.1.31.1.1.1.5.7 = Counter32: 0
iso.3.6.1.2.1.31.1.1.1.5.8 = Counter32: 0
iso.3.6.1.2.1.31.1.1.1.5.9 = Counter32: 0
iso.3.6.1.2.1.31.1.1.1.5.10 = Counter32: 0
iso.3.6.1.2.1.31.1.1.1.5.11 = Counter32: 0
iso.3.6.1.2.1.31.1.1.1.5.12 = Counter32: 0
iso.3.6.1.2.1.31.1.1.1.5.13 = Counter32: 0
iso.3.6.1.2.1.31.1.1.1.5.14 = Counter32: 0
iso.3.6.1.2.1.31.1.1.1.6.1 = Counter64: 12664307688115
iso.3.6.1.2.1.31.1.1.1.6.2 = Counter64: 2984877988
iso.3.6.1.2.1.31.1.1.1.6.3 = Counter64: 4975540306724
iso.3.6.1.2.1.31.1.1.1.6.4 = Counter64: 0
iso.3.6.1.2.1.31.1.1.1.6.5 = Counter64: 244321
iso.3.6.1.2.1.31.1.1.1.6.6 = Counter64: 0
iso.3.6.1.2.1.31.1.1.1.6.7 = Counter64: 0
iso.3.6.1.2.1.31.1.1.1.6.8 = Counter64: 0
iso.3.6.1.2.1.31.1.1.1.6.9 = Counter64: 0
iso.3.6.1.2.1.31.1.1.1.6.10 = Counter64: 0
iso.3.6.1.2.1.31.1.1.1.6.11 = Counter64: 0
iso.3.6.1.2.1.31.1.1.1.6.12 = Counter64: 0
iso.3.6.1.2.1.31.1.1.1.6.13 = Counter64: 0
iso.3.6.1.2.1.31.1.1.1.6.14 = Counter64: 4946621827582
iso.3.6.1.2.1.31.1.1.1.7.1 = Counter64: 10050907539
iso.3.6.1.2.1.31.1.1.1.7.2 = Counter64: 31649657
iso.3.6.1.2.1.31.1.1.1.7.3 = Counter64: 7722018436
iso.3.6.1.2.1.31.1.1.1.7.4 = Counter64: 0
iso.3.6.1.2.1.31.1.1.1.7.5 = Counter64: 3086
iso.3.6.1.2.1.31.1.1.1.7.6 = Counter64: 0
iso.3.6.1.2.1.31.1.1.1.7.7 = Counter64: 0
iso.3.6.1.2.1.31.1.1.1.7.8 = Counter64: 0
iso.3.6.1.2.1.31.1.1.1.7.9 = Counter64: 0
iso.3.6.1.2.1.31.1.1.1.7.10 = Counter64: 0
iso.3.6.1.2.1.31.1.1.1.7.11 = Counter64: 0
iso.3.6.1.2.1.31.1.1.1.7.12 = Counter64: 0
iso.3.6.1.2.1.31.1.1.1.7.13 = Counter64: 0
iso.3.6.1.2.1.31.1.1.1.7.14 = Counter64: 7753667755
iso.3.6.1.2.1.31.1.1.1.8.1 = Counter64: 0
iso.3.6.1.2.1.31.1.1.1.8.2 = Counter64: 0
iso.3.6.1.2.1.31.1.1.1.8.3 = Counter64: 0
iso.3.6.1.2.1.31.1.1.1.8.4 = Counter64: 0
iso.3.6.1.2.1.31.1.1.1.8.5 = Counter64: 0
iso.3.6.1.2.1.31.1.1.1.8.6 = Counter64: 0
iso.3.6.1.2.1.31.1.1.1.8.7 = Counter64: 0
iso.3.6.1.2.1.31.1.1.1.8.8 = Counter64: 0
iso.3.6.1.2.1.31.1.1.1.8.9 = Counter64: 0
iso.3.6.1.2.1.31.1.1.1.8.10 = Counter64: 0
iso.3.6.1.2.1.31.1.1.1.8.11 = Counter64: 0
iso.3.6.1.2.1.31.1.1.1.8.12 = Counter64: 0
iso.3.6.1.2.1.31.1.1.1.8.13 = Counter64: 0
iso.3.6.1.2.1.31.1.1.1.8.14 = Counter64: 0
iso.3.6.1.2.1.31.1.1.1.9.1 = Counter64: 0
iso.3.6.1.2.1.31.1.1.1.9.2 = Counter64: 0
iso.3.6.1.2.1.31.1.1.1.9.3 = Counter64: 0
iso.3.6.1.2.1.31.1.1.1.9.4 = Counter64: 0
iso.3.6.1.2.1.31.1.1.1.9.5 = Counter64: 0
iso.3.6.1.2.1.31.1.1.1.9.6 = Counter64: 0
iso.3.6.1.2.1.31.1.1.1.9.7 = Counter64: 0
iso.3.6.1.2.1.31.1.1.1.9.8 = Counter64: 0
iso.3.6.1.2.1.31.1.1.1.9.9 = Counter64: 0
iso.3.6.1.2.1.31.1.1.1.9.10 = Counter64: 0
iso.3.6.1.2.1.31.1.1.1.9.11 = Counter64: 0
iso.3.6.1.2.1.31.1.1.1.9.12 = Counter64: 0
iso.3.6.1.2.1.31.1.1.1.9.13 = Counter64: 0
iso.3.6.1.2.1.31.1.1.1.9.14 = Counter64: 0
iso.3.6.1.2.1.31.1.1.1.10.1 = Counter64: 4980413848261
iso.3.6.1.2.1.31.1.1.1.10.2 = Counter64: 3449382392
iso.3.6.1.2.1.31.1.1.1.10.3 = Counter64: 12665877944199
iso.3.6.1.2.1.31.1.1.1.10.4 = Counter64: 0
iso.3.6.1.2.1.31.1.1.1.10.5 = Counter64: 2751378
iso.3.6.1.2.1.31.1.1.1.10.6 = Counter64: 0
iso.3.6.1.2.1.31.1.1.1.10.7 = Counter64: 0
iso.3.6.1.2.1.31.1.1.1.10.8 = Counter64: 0
iso.3.6.1.2.1.31.1.1.1.10.9 = Counter64: 0
iso.3.6.1.2.1.31.1.1.1.10.10 = Counter64: 0
iso.3.6.1.2.1.31.1.1.1.10.11 = Counter64: 0
iso.3.6.1.2.1.31.1.1.1.10.12 = Counter64: 0
iso.3.6.1.2.1.31.1.1.1.10.13 = Counter64: 0
iso.3.6.1.2.1.31.1.1.1.10.14 = Counter64: 12622327182464
iso.3.6.1.2.1.31.1.1.1.11.1 = Counter64: 7695790545
iso.3.6.1.2.1.31.1.1.1.11.2 = Counter64: 38322310
iso.3.6.1.2.1.31.1.1.1.11.3 = Counter64: 10082150248
iso.3.6.1.2.1.31.1.1.1.11.4 = Counter64: 0
iso.3.6.1.2.1.31.1.1.1.11.5 = Counter64: 2492
iso.3.6.1.2.1.31.1.1.1.11.6 = Counter64: 0
iso.3.6.1.2.1.31.1.1.1.11.7 = Counter64: 0
iso.3.6.1.2.1.31.1.1.1.11.8 = Counter64: 0
iso.3.6.1.2.1.31.1.1.1.11.9 = Counter64: 0
iso.3.6.1.2.1.31.1.1.1.11.10 = Counter64: 0
iso.3.6.1.2.1.31.1.1.1.11.11 = Counter64: 0
iso.3.6.1.2.1.31.1.1.1.11.12 = Counter64: 0
iso.3.6.1.2.1.31.1.1.1.11.13 = Counter64: 0
iso.3.6.1.2.1.31.1.1.1.11.14 = Counter64: 10044607651
iso.3.6.1.2.1.31.1.1.1.12.1 = Counter64: 0
iso.3.6.1.2.1.31.1.1.1.12.2 = Counter64: 0
iso.3.6.1.2.1.31.1.1.1.12.3 = Counter64: 0
iso.3.6.1.2.1.31.1.1.1.12.4 = Counter64: 0
iso.3.6.1.2.1.31.1.1.1.12.5 = Counter64: 0
iso.3.6.1.2.1.31.1.1.1.12.6 = Counter64: 0
iso.3.6.1.2.1.31.1.1.1.12.7 = Counter64: 0
iso.3.6.1.2.1.31.1.1.1.12.8 = Counter64: 0
iso.3.6.1.2.1.31.1.1.1.12.9 = Counter64: 0
iso.3.6.1.2.1.31.1.1.1.12.10 = Counter64: 0
iso.3.6.1.2.1.31.1.1.1.12.11 = Counter64: 0
iso.3.6.1.2.1.31.1.1.1.12.12 = Counter64: 0
iso.3.6.1.2.1.31.1.1.1.12.13 = Counter64: 0
iso.3.6.1.2.1.31.1.1.1.12.14 = Counter64: 0
iso.3.6.1.2.1.31.1.1.1.13.1 = Counter64: 0
iso.3.6.1.2.1.31.1.1.1.13.2 = Counter64: 0
iso.3.6.1.2.1.31.1.1.1.13.3 = Counter64: 0
iso.3.6.1.2.1.31.1.1.1.13.4 = Counter64: 0
iso.3.6.1.2.1.31.1.1.1.13.5 = Counter64: 0
iso.3.6.1.2.1.31.1.1.1.13.6 = Counter64: 0
iso.3.6.1.2.1.31.1.1.1.13.7 = Counter64: 0
iso.3.6.1.2.1.31.1.1.1.13.8 = Counter64: 0
iso.3.6.1.2.1.31.1.1.1.13.9 = Counter64: 0
iso.3.6.1.2.1.31.1.1.1.13.10 = Counter64: 0
iso.3.6.1.2.1.31.1.1.1.13.11 = Counter64: 0
iso.3.6.1.2.1.31.1.1.1.13.12 = Counter64: 0
iso.3.6.1.2.1.31.1.1.1.13.13 = Counter64: 0
iso.3.6.1.2.1.31.1.1.1.13.14 = Counter64: 0
iso.3.6.1.2.1.31.1.1.1.15.1 = Gauge32: 1000
iso.3.6.1.2.1.31.1.1.1.15.2 = Gauge32: 1000
iso.3.6.1.2.1.31.1.1.1.15.3 = Gauge32: 1000
iso.3.6.1.2.1.31.1.1.1.15.4 = Gauge32: 0
iso.3.6.1.2.1.31.1.1.1.15.5 = Gauge32: 0
iso.3.6.1.2.1.31.1.1.1.15.6 = Gauge32: 0
iso.3.6.1.2.1.31.1.1.1.15.7 = Gauge32: 0
iso.3.6.1.2.1.31.1.1.1.15.8 = Gauge32: 0
iso.3.6.1.2.1.31.1.1.1.15.9 = Gauge32: 0
iso.3.6.1.2.1.31.1.1.1.15.10 = Gauge32: 0
iso.3.6.1.2.1.31.1.1.1.15.11 = Gauge32: 0
iso.3.6.1.2.1.31.1.1.1.15.12 = Gauge32: 0
iso.3.6.1.2.1.31.1.1.1.15.13 = Gauge32: 0
iso.3.6.1.2.1.31.1.1.1.15.14 = Gauge32: 100
iso.3.6.1.2.1.31.1.1.1.18.1 = ""
iso.3.6.1.2.1.31.1.1.1.18.2 = ""
iso.3.6.1.2.1.31.1.1.1.18.3 = ""
iso.3.6.1.2.1.31.1.1.1.18.4 = ""
iso.3.6.1.2.1.31.1.1.1.18.5 = ""
iso.3.6.1.2.1.31.1.1.1.18.6 = ""
iso.3.6.1.2.1.31.1.1.1.18.7 = ""
iso.3.6.1.2.1.31.1.1.1.18.8 = ""
iso.3.6.1.2.1.31.1.1.1.18.9 = ""
iso.3.6.1.2.1.31.1.1.1.18.10 = ""
iso.3.6.1.2.1.31.1.1.1.18.11 = ""
iso.3.6.1.2.1.31.1.1.1.18.12 = ""
iso.3.6.1.2.1.31.1.1.1.18.13 = ""
iso.3.6.1.2.1.31.1.1.1.18.14 = ""
iso.3.6.1.2.1.47.1.1.1.1.1.65536 = INTEGER: 65536
iso.3.6.1.2.1.47.1.1.1.1.1.131073 = INTEGER: 131073
iso.3.6.1.2.1.47.1.1.1.1.1.131074 = INTEGER: 131074
iso.3.6.1.2.1.47.1.1.1.1.1.131075 = INTEGER: 131075
iso.3.6.1.2.1.47.1.1.1.1.1.131076 = INTEGER: 131076
iso.3.6.1.2.1.47.1.1.1.1.1.131077 = INTEGER: 131077
iso.3.6.1.2.1.47.1.1.1.1.1.131078 = INTEGER: 131078
iso.3.6.1.2.1.47.1.1.1.1.1.131079 = INTEGER: 131079
iso.3.6.1.2.1.47.1.1.1.1.2.65536 = STRING: "RouterOS 6.42.12 (long-term) on RB1100x4"
iso.3.6.1.2.1.47.1.1.1.1.2.131073 = STRING: "unknown unknown (rev: 1)"
iso.3.6.1.2.1.47.1.1.1.1.2.131074 = STRING: "unknown unknown (rev: 1)"
iso.3.6.1.2.1.47.1.1.1.1.2.131075 = STRING: "unknown unknown (rev: 1)"
iso.3.6.1.2.1.47.1.1.1.1.2.131076 = STRING: "unknown unknown (rev: 1)"
iso.3.6.1.2.1.47.1.1.1.1.2.131077 = STRING: "unknown unknown (rev: 1)"
iso.3.6.1.2.1.47.1.1.1.1.2.131078 = STRING: "unknown unknown (rev: 1)"
iso.3.6.1.2.1.47.1.1.1.1.2.131079 = STRING: "unknown unknown (rev: 1)"
iso.3.6.1.2.1.47.1.1.1.1.3.65536 = OID: ccitt.0
iso.3.6.1.2.1.47.1.1.1.1.3.131073 = OID: ccitt.0
iso.3.6.1.2.1.47.1.1.1.1.3.131074 = OID: ccitt.0
iso.3.6.1.2.1.47.1.1.1.1.3.131075 = OID: ccitt.0
iso.3.6.1.2.1.47.1.1.1.1.3.131076 = OID: ccitt.0
iso.3.6.1.2.1.47.1.1.1.1.3.131077 = OID: ccitt.0
iso.3.6.1.2.1.47.1.1.1.1.3.131078 = OID: ccitt.0
iso.3.6.1.2.1.47.1.1.1.1.3.131079 = OID: ccitt.0
iso.3.6.1.2.1.47.1.1.1.1.4.65536 = INTEGER: 0
iso.3.6.1.2.1.47.1.1.1.1.4.131073 = INTEGER: 65536
iso.3.6.1.2.1.47.1.1.1.1.4.131074 = INTEGER: 65536
iso.3.6.1.2.1.47.1.1.1.1.4.131075 = INTEGER: 65536
iso.3.6.1.2.1.47.1.1.1.1.4.131076 = INTEGER: 65536
iso.3.6.1.2.1.47.1.1.1.1.4.131077 = INTEGER: 65536
iso.3.6.1.2.1.47.1.1.1.1.4.131078 = INTEGER: 65536
iso.3.6.1.2.1.47.1.1.1.1.4.131079 = INTEGER: 65536
iso.3.6.1.2.1.47.1.1.1.1.5.65536 = INTEGER: 3
iso.3.6.1.2.1.47.1.1.1.1.5.131073 = INTEGER: 2
iso.3.6.1.2.1.47.1.1.1.1.5.131074 = INTEGER: 2
iso.3.6.1.2.1.47.1.1.1.1.5.131075 = INTEGER: 2
iso.3.6.1.2.1.47.1.1.1.1.5.131076 = INTEGER: 2
iso.3.6.1.2.1.47.1.1.1.1.5.131077 = INTEGER: 2
iso.3.6.1.2.1.47.1.1.1.1.5.131078 = INTEGER: 2
iso.3.6.1.2.1.47.1.1.1.1.5.131079 = INTEGER: 2
iso.3.6.1.2.1.47.1.1.1.1.6.65536 = INTEGER: -1
iso.3.6.1.2.1.47.1.1.1.1.6.131073 = INTEGER: -1
iso.3.6.1.2.1.47.1.1.1.1.6.131074 = INTEGER: -1
iso.3.6.1.2.1.47.1.1.1.1.6.131075 = INTEGER: -1
iso.3.6.1.2.1.47.1.1.1.1.6.131076 = INTEGER: -1
iso.3.6.1.2.1.47.1.1.1.1.6.131077 = INTEGER: -1
iso.3.6.1.2.1.47.1.1.1.1.6.131078 = INTEGER: -1
iso.3.6.1.2.1.47.1.1.1.1.6.131079 = INTEGER: -1
iso.3.6.1.2.1.47.1.1.1.1.7.65536 = STRING: "ARMv7"
iso.3.6.1.2.1.47.1.1.1.1.7.131073 = STRING: "00:09.0"
iso.3.6.1.2.1.47.1.1.1.1.7.131074 = STRING: "00:05.0"
iso.3.6.1.2.1.47.1.1.1.1.7.131075 = STRING: "00:04.0"
iso.3.6.1.2.1.47.1.1.1.1.7.131076 = STRING: "00:03.0"
iso.3.6.1.2.1.47.1.1.1.1.7.131077 = STRING: "00:02.0"
iso.3.6.1.2.1.47.1.1.1.1.7.131078 = STRING: "00:01.0"
iso.3.6.1.2.1.47.1.1.1.1.7.131079 = STRING: "00:00.0"
iso.3.6.1.2.1.47.1.1.1.1.8.65536 = ""
iso.3.6.1.2.1.47.1.1.1.1.8.131073 = ""
iso.3.6.1.2.1.47.1.1.1.1.8.131074 = ""
iso.3.6.1.2.1.47.1.1.1.1.8.131075 = ""
iso.3.6.1.2.1.47.1.1.1.1.8.131076 = ""
iso.3.6.1.2.1.47.1.1.1.1.8.131077 = ""
iso.3.6.1.2.1.47.1.1.1.1.8.131078 = ""
iso.3.6.1.2.1.47.1.1.1.1.8.131079 = ""
iso.3.6.1.2.1.47.1.1.1.1.9.65536 = ""
iso.3.6.1.2.1.47.1.1.1.1.9.131073 = ""
iso.3.6.1.2.1.47.1.1.1.1.9.131074 = ""
iso.3.6.1.2.1.47.1.1.1.1.9.131075 = ""
iso.3.6.1.2.1.47.1.1.1.1.9.131076 = ""
iso.3.6.1.2.1.47.1.1.1.1.9.131077 = ""
iso.3.6.1.2.1.47.1.1.1.1.9.131078 = ""
iso.3.6.1.2.1.47.1.1.1.1.9.131079 = ""
iso.3.6.1.2.1.47.1.1.1.1.10.65536 = ""
iso.3.6.1.2.1.47.1.1.1.1.10.131073 = ""
iso.3.6.1.2.1.47.1.1.1.1.10.131074 = ""
iso.3.6.1.2.1.47.1.1.1.1.10.131075 = ""
iso.3.6.1.2.1.47.1.1.1.1.10.131076 = ""
iso.3.6.1.2.1.47.1.1.1.1.10.131077 = ""
iso.3.6.1.2.1.47.1.1.1.1.10.131078 = ""
iso.3.6.1.2.1.47.1.1.1.1.10.131079 = ""
iso.3.6.1.2.1.47.1.1.1.1.11.65536 = ""
iso.3.6.1.2.1.47.1.1.1.1.11.131073 = ""
iso.3.6.1.2.1.47.1.1.1.1.11.131074 = ""
iso.3.6.1.2.1.47.1.1.1.1.11.131075 = ""
iso.3.6.1.2.1.47.1.1.1.1.11.131076 = ""
iso.3.6.1.2.1.47.1.1.1.1.11.131077 = ""
iso.3.6.1.2.1.47.1.1.1.1.11.131078 = ""
iso.3.6.1.2.1.47.1.1.1.1.11.131079 = ""
iso.3.6.1.2.1.47.1.1.1.1.12.65536 = ""
iso.3.6.1.2.1.47.1.1.1.1.12.131073 = STRING: "0x1c36"
iso.3.6.1.2.1.47.1.1.1.1.12.131074 = STRING: "0x1c36"
iso.3.6.1.2.1.47.1.1.1.1.12.131075 = STRING: "0x1c36"
iso.3.6.1.2.1.47.1.1.1.1.12.131076 = STRING: "0x1c36"
iso.3.6.1.2.1.47.1.1.1.1.12.131077 = STRING: "0x1c36"
iso.3.6.1.2.1.47.1.1.1.1.12.131078 = STRING: "0x1c36"
iso.3.6.1.2.1.47.1.1.1.1.12.131079 = STRING: "0x1c36"
iso.3.6.1.2.1.47.1.1.1.1.13.65536 = ""
iso.3.6.1.2.1.47.1.1.1.1.13.131073 = STRING: "0x0031"
iso.3.6.1.2.1.47.1.1.1.1.13.131074 = STRING: "0x0021"
iso.3.6.1.2.1.47.1.1.1.1.13.131075 = STRING: "0x0011"
iso.3.6.1.2.1.47.1.1.1.1.13.131076 = STRING: "0x0001"
iso.3.6.1.2.1.47.1.1.1.1.13.131077 = STRING: "0x0002"
iso.3.6.1.2.1.47.1.1.1.1.13.131078 = STRING: "0x0001"
iso.3.6.1.2.1.47.1.1.1.1.13.131079 = STRING: "0x0002"
iso.3.6.1.2.1.47.1.1.1.1.14.65536 = ""
iso.3.6.1.2.1.47.1.1.1.1.14.131073 = ""
iso.3.6.1.2.1.47.1.1.1.1.14.131074 = ""
iso.3.6.1.2.1.47.1.1.1.1.14.131075 = ""
iso.3.6.1.2.1.47.1.1.1.1.14.131076 = ""
iso.3.6.1.2.1.47.1.1.1.1.14.131077 = ""
iso.3.6.1.2.1.47.1.1.1.1.14.131078 = ""
iso.3.6.1.2.1.47.1.1.1.1.14.131079 = ""
iso.3.6.1.2.1.47.1.1.1.1.15.65536 = ""
iso.3.6.1.2.1.47.1.1.1.1.15.131073 = ""
iso.3.6.1.2.1.47.1.1.1.1.15.131074 = ""
iso.3.6.1.2.1.47.1.1.1.1.15.131075 = ""
iso.3.6.1.2.1.47.1.1.1.1.15.131076 = ""
iso.3.6.1.2.1.47.1.1.1.1.15.131077 = ""
iso.3.6.1.2.1.47.1.1.1.1.15.131078 = ""
iso.3.6.1.2.1.47.1.1.1.1.15.131079 = ""
iso.3.6.1.2.1.47.1.1.1.1.16.65536 = INTEGER: 2
iso.3.6.1.2.1.47.1.1.1.1.16.131073 = INTEGER: 2
iso.3.6.1.2.1.47.1.1.1.1.16.131074 = INTEGER: 2
iso.3.6.1.2.1.47.1.1.1.1.16.131075 = INTEGER: 2
iso.3.6.1.2.1.47.1.1.1.1.16.131076 = INTEGER: 2
iso.3.6.1.2.1.47.1.1.1.1.16.131077 = INTEGER: 2
iso.3.6.1.2.1.47.1.1.1.1.16.131078 = INTEGER: 2
iso.3.6.1.2.1.47.1.1.1.1.16.131079 = INTEGER: 2
iso.3.6.1.2.1.9999.1.1.1.1.0 = STRING: "MikroTik DHCP server"
iso.3.6.1.2.1.9999.1.1.1.2.0 = OID: iso.3.6.1.4.1.14988.1
